[      27ms] [INFO] %cDownload the React DevTools for a better development experience: https://react.dev/link/react-devtools font-weight:bold @ http://localhost:5273/node_modules/.vite/deps/react-dom_client.js?v=6742ef89:20100
[  157315ms] [ERROR] The final argument passed to %s changed size between renders. The order and size of this array must remain constant.

Previous: %s
Incoming: %s useEffect [class extends AbstractPointerSensor {
  constructor(props) {
    const {
      event
    } = props;
    const listenerTarget = getOwnerDocument(event.target);
    super(props, events, listenerTarget);
  }
}, class {
  constructor(props) {
    this.props = void 0;
    this.autoScrollEnabled = false;
    this.referenceCoordinates = void 0;
    this.listeners = void 0;
    this.windowListeners = void 0;
    this.props = props;
    const {
      event: {
        target
      }
    } = props;
    this.props = props;
    this.listeners = new Listeners(getOwnerDocument(target));
    this.windowListeners = new Listeners(getWindow(target));
    this.handleKeyDown = this.handleKeyDown.bind(this);
    this.handleCancel = this.handleCancel.bind(this);
    this.attach();
  }
  attach() {
    this.handleStart();
    this.windowListeners.add(EventName.Resize, this.handleCancel);
    this.windowListeners.add(EventName.VisibilityChange, this.handleCancel);
    setTimeout(() => this.listeners.add(EventName.Keydown, this.handleKeyDown));
  }
  handleStart() {
    const {
      activeNode,
      onStart
    } = this.props;
    const node = activeNode.node.current;
    if (node) {
      scrollIntoViewIfNeeded(node);
    }
    onStart(defaultCoordinates);
  }
  handleKeyDown(event) {
    if (isKeyboardEvent(event)) {
      const {
        active,
        context,
        options
      } = this.props;
      const {
        keyboardCodes = defaultKeyboardCodes,
        coordinateGetter = defaultKeyboardCoordinateGetter,
        scrollBehavior = "smooth"
      } = options;
      const {
        code
      } = event;
      if (keyboardCodes.end.includes(code)) {
        this.handleEnd(event);
        return;
      }
      if (keyboardCodes.cancel.includes(code)) {
        this.handleCancel(event);
        return;
      }
      const {
        collisionRect
      } = context.current;
      const currentCoordinates = collisionRect ? {
        x: collisionRect.left,
        y: collisionRect.top
      } : defaultCoordinates;
      if (!this.referenceCoordinates) {
        this.referenceCoordinates = currentCoordinates;
      }
      const newCoordinates = coordinateGetter(event, {
        active,
        context: context.current,
        currentCoordinates
      });
      if (newCoordinates) {
        const coordinatesDelta = subtract(newCoordinates, currentCoordinates);
        const scrollDelta = {
          x: 0,
          y: 0
        };
        const {
          scrollableAncestors
        } = context.current;
        for (const scrollContainer of scrollableAncestors) {
          const direction = event.code;
          const {
            isTop,
            isRight,
            isLeft,
            isBottom,
            maxScroll,
            minScroll
          } = getScrollPosition(scrollContainer);
          const scrollElementRect = getScrollElementRect(scrollContainer);
          const clampedCoordinates = {
            x: Math.min(direction === KeyboardCode.Right ? scrollElementRect.right - scrollElementRect.width / 2 : scrollElementRect.right, Math.max(direction === KeyboardCode.Right ? scrollElementRect.left : scrollElementRect.left + scrollElementRect.width / 2, newCoordinates.x)),
            y: Math.min(direction === KeyboardCode.Down ? scrollElementRect.bottom - scrollElementRect.height / 2 : scrollElementRect.bottom, Math.max(direction === KeyboardCode.Down ? scrollElementRect.top : scrollElementRect.top + scrollElementRect.height / 2, newCoordinates.y))
          };
          const canScrollX = direction === KeyboardCode.Right && !isRight || direction === KeyboardCode.Left && !isLeft;
          const canScrollY = direction === KeyboardCode.Down && !isBottom || direction === KeyboardCode.Up && !isTop;
          if (canScrollX && clampedCoordinates.x !== newCoordinates.x) {
            const newScrollCoordinates = scrollContainer.scrollLeft + coordinatesDelta.x;
            const canScrollToNewCoordinates = direction === KeyboardCode.Right && newScrollCoordinates <= maxScroll.x || direction === KeyboardCode.Left && newScrollCoordinates >= minScroll.x;
            if (canScrollToNewCoordinates && !coordinatesDelta.y) {
              scrollContainer.scrollTo({
                left: newScrollCoordinates,
                behavior: scrollBehavior
              });
              return;
            }
            if (canScrollToNewCoordinates) {
              scrollDelta.x = scrollContainer.scrollLeft - newScrollCoordinates;
            } else {
              scrollDelta.x = direction === KeyboardCode.Right ? scrollContainer.scrollLeft - maxScroll.x : scrollContainer.scrollLeft - minScroll.x;
            }
            if (scrollDelta.x) {
              scrollContainer.scrollBy({
                left: -scrollDelta.x,
                behavior: scrollBehavior
              });
            }
            break;
          } else if (canScrollY && clampedCoordinates.y !== newCoordinates.y) {
            const newScrollCoordinates = scrollContainer.scrollTop + coordinatesDelta.y;
            const canScrollToNewCoordinates = direction === KeyboardCode.Down && newScrollCoordinates <= maxScroll.y || direction === KeyboardCode.Up && newScrollCoordinates >= minScroll.y;
            if (canScrollToNewCoordinates && !coordinatesDelta.x) {
              scrollContainer.scrollTo({
                top: newScrollCoordinates,
                behavior: scrollBehavior
              });
              return;
            }
            if (canScrollToNewCoordinates) {
              scrollDelta.y = scrollContainer.scrollTop - newScrollCoordinates;
            } else {
              scrollDelta.y = direction === KeyboardCode.Down ? scrollContainer.scrollTop - maxScroll.y : scrollContainer.scrollTop - minScroll.y;
            }
            if (scrollDelta.y) {
              scrollContainer.scrollBy({
                top: -scrollDelta.y,
                behavior: scrollBehavior
              });
            }
            break;
          }
        }
        this.handleMove(event, add(subtract(newCoordinates, this.referenceCoordinates), scrollDelta));
      }
    }
  }
  handleMove(event, coordinates) {
    const {
      onMove
    } = this.props;
    event.preventDefault();
    onMove(coordinates);
  }
  handleEnd(event) {
    const {
      onEnd
    } = this.props;
    event.preventDefault();
    this.detach();
    onEnd();
  }
  handleCancel(event) {
    const {
      onCancel
    } = this.props;
    event.preventDefault();
    this.detach();
    onCancel();
  }
  detach() {
    this.listeners.removeAll();
    this.windowListeners.removeAll();
  }
}] [class extends AbstractPointerSensor {
  constructor(props) {
    const {
      event
    } = props;
    const listenerTarget = getOwnerDocument(event.target);
    super(props, events, listenerTarget);
  }
}] @ http://localhost:5273/node_modules/.vite/deps/react-dom_client.js?v=6742ef89:5625
[  157315ms] [ERROR] The final argument passed to %s changed size between renders. The order and size of this array must remain constant.

Previous: %s
Incoming: %s useEffect [class extends AbstractPointerSensor {
  constructor(props) {
    const {
      event
    } = props;
    const listenerTarget = getOwnerDocument(event.target);
    super(props, events, listenerTarget);
  }
}, class {
  constructor(props) {
    this.props = void 0;
    this.autoScrollEnabled = false;
    this.referenceCoordinates = void 0;
    this.listeners = void 0;
    this.windowListeners = void 0;
    this.props = props;
    const {
      event: {
        target
      }
    } = props;
    this.props = props;
    this.listeners = new Listeners(getOwnerDocument(target));
    this.windowListeners = new Listeners(getWindow(target));
    this.handleKeyDown = this.handleKeyDown.bind(this);
    this.handleCancel = this.handleCancel.bind(this);
    this.attach();
  }
  attach() {
    this.handleStart();
    this.windowListeners.add(EventName.Resize, this.handleCancel);
    this.windowListeners.add(EventName.VisibilityChange, this.handleCancel);
    setTimeout(() => this.listeners.add(EventName.Keydown, this.handleKeyDown));
  }
  handleStart() {
    const {
      activeNode,
      onStart
    } = this.props;
    const node = activeNode.node.current;
    if (node) {
      scrollIntoViewIfNeeded(node);
    }
    onStart(defaultCoordinates);
  }
  handleKeyDown(event) {
    if (isKeyboardEvent(event)) {
      const {
        active,
        context,
        options
      } = this.props;
      const {
        keyboardCodes = defaultKeyboardCodes,
        coordinateGetter = defaultKeyboardCoordinateGetter,
        scrollBehavior = "smooth"
      } = options;
      const {
        code
      } = event;
      if (keyboardCodes.end.includes(code)) {
        this.handleEnd(event);
        return;
      }
      if (keyboardCodes.cancel.includes(code)) {
        this.handleCancel(event);
        return;
      }
      const {
        collisionRect
      } = context.current;
      const currentCoordinates = collisionRect ? {
        x: collisionRect.left,
        y: collisionRect.top
      } : defaultCoordinates;
      if (!this.referenceCoordinates) {
        this.referenceCoordinates = currentCoordinates;
      }
      const newCoordinates = coordinateGetter(event, {
        active,
        context: context.current,
        currentCoordinates
      });
      if (newCoordinates) {
        const coordinatesDelta = subtract(newCoordinates, currentCoordinates);
        const scrollDelta = {
          x: 0,
          y: 0
        };
        const {
          scrollableAncestors
        } = context.current;
        for (const scrollContainer of scrollableAncestors) {
          const direction = event.code;
          const {
            isTop,
            isRight,
            isLeft,
            isBottom,
            maxScroll,
            minScroll
          } = getScrollPosition(scrollContainer);
          const scrollElementRect = getScrollElementRect(scrollContainer);
          const clampedCoordinates = {
            x: Math.min(direction === KeyboardCode.Right ? scrollElementRect.right - scrollElementRect.width / 2 : scrollElementRect.right, Math.max(direction === KeyboardCode.Right ? scrollElementRect.left : scrollElementRect.left + scrollElementRect.width / 2, newCoordinates.x)),
            y: Math.min(direction === KeyboardCode.Down ? scrollElementRect.bottom - scrollElementRect.height / 2 : scrollElementRect.bottom, Math.max(direction === KeyboardCode.Down ? scrollElementRect.top : scrollElementRect.top + scrollElementRect.height / 2, newCoordinates.y))
          };
          const canScrollX = direction === KeyboardCode.Right && !isRight || direction === KeyboardCode.Left && !isLeft;
          const canScrollY = direction === KeyboardCode.Down && !isBottom || direction === KeyboardCode.Up && !isTop;
          if (canScrollX && clampedCoordinates.x !== newCoordinates.x) {
            const newScrollCoordinates = scrollContainer.scrollLeft + coordinatesDelta.x;
            const canScrollToNewCoordinates = direction === KeyboardCode.Right && newScrollCoordinates <= maxScroll.x || direction === KeyboardCode.Left && newScrollCoordinates >= minScroll.x;
            if (canScrollToNewCoordinates && !coordinatesDelta.y) {
              scrollContainer.scrollTo({
                left: newScrollCoordinates,
                behavior: scrollBehavior
              });
              return;
            }
            if (canScrollToNewCoordinates) {
              scrollDelta.x = scrollContainer.scrollLeft - newScrollCoordinates;
            } else {
              scrollDelta.x = direction === KeyboardCode.Right ? scrollContainer.scrollLeft - maxScroll.x : scrollContainer.scrollLeft - minScroll.x;
            }
            if (scrollDelta.x) {
              scrollContainer.scrollBy({
                left: -scrollDelta.x,
                behavior: scrollBehavior
              });
            }
            break;
          } else if (canScrollY && clampedCoordinates.y !== newCoordinates.y) {
            const newScrollCoordinates = scrollContainer.scrollTop + coordinatesDelta.y;
            const canScrollToNewCoordinates = direction === KeyboardCode.Down && newScrollCoordinates <= maxScroll.y || direction === KeyboardCode.Up && newScrollCoordinates >= minScroll.y;
            if (canScrollToNewCoordinates && !coordinatesDelta.x) {
              scrollContainer.scrollTo({
                top: newScrollCoordinates,
                behavior: scrollBehavior
              });
              return;
            }
            if (canScrollToNewCoordinates) {
              scrollDelta.y = scrollContainer.scrollTop - newScrollCoordinates;
            } else {
              scrollDelta.y = direction === KeyboardCode.Down ? scrollContainer.scrollTop - maxScroll.y : scrollContainer.scrollTop - minScroll.y;
            }
            if (scrollDelta.y) {
              scrollContainer.scrollBy({
                top: -scrollDelta.y,
                behavior: scrollBehavior
              });
            }
            break;
          }
        }
        this.handleMove(event, add(subtract(newCoordinates, this.referenceCoordinates), scrollDelta));
      }
    }
  }
  handleMove(event, coordinates) {
    const {
      onMove
    } = this.props;
    event.preventDefault();
    onMove(coordinates);
  }
  handleEnd(event) {
    const {
      onEnd
    } = this.props;
    event.preventDefault();
    this.detach();
    onEnd();
  }
  handleCancel(event) {
    const {
      onCancel
    } = this.props;
    event.preventDefault();
    this.detach();
    onCancel();
  }
  detach() {
    this.listeners.removeAll();
    this.windowListeners.removeAll();
  }
}] [class extends AbstractPointerSensor {
  constructor(props) {
    const {
      event
    } = props;
    const listenerTarget = getOwnerDocument(event.target);
    super(props, events, listenerTarget);
  }
}] @ http://localhost:5273/node_modules/.vite/deps/react-dom_client.js?v=6742ef89:5625
